<?xml version="1.0" encoding="UTF-8"?>
<!-- Generated by org.testng.reporters.JUnitReportReporter -->
<testsuite hostname="DESKTOP-CRPCMGG" failures="0" tests="3" name="PostmanTest" time="12.060" errors="0" timestamp="2024-05-31T19:06:17 CDT" skipped="0">
  <testcase classname="PostmanTest" name="postManTesting2" time="0.843"/>
  <testcase classname="PostmanTest" name="postManTesting" time="10.673"/>
  <testcase classname="PostmanTest" name="postManTesting3" time="0.544"/>
</testsuite> <!-- PostmanTest -->
