<?xml version="1.0" encoding="UTF-8"?>
<!-- Generated by org.testng.reporters.JUnitReportReporter -->
<testsuite hostname="DESKTOP-CRPCMGG" failures="0" tests="3" name="PostmanTest" time="1.033" errors="0" timestamp="2024-06-01T15:51:49 CDT" skipped="0">
  <testcase classname="PostmanTest" name="postManTesting2" time="0.412"/>
  <testcase classname="PostmanTest" name="postManTesting3" time="0.376"/>
  <testcase classname="PostmanTest" name="postManTesting" time="0.245"/>
</testsuite> <!-- PostmanTest -->
