<?xml version="1.0" encoding="UTF-8"?>
<!-- Generated by org.testng.reporters.JUnitReportReporter -->
<testsuite hostname="DESKTOP-CRPCMGG" failures="0" tests="3" name="PostmanTest" time="1.171" errors="0" timestamp="2024-08-26T11:18:24 CDT" skipped="0">
  <testcase classname="PostmanTest" name="postManTesting2" time="0.437"/>
  <testcase classname="PostmanTest" name="postManTesting" time="0.349"/>
  <testcase classname="PostmanTest" name="postManTesting3" time="0.385"/>
</testsuite> <!-- PostmanTest -->
