<?xml version="1.0" encoding="UTF-8"?>
<!-- Generated by org.testng.reporters.JUnitReportReporter -->
<testsuite hostname="DESKTOP-CRPCMGG" failures="0" tests="3" name="PostmanTest" time="1.122" errors="0" timestamp="2024-08-24T23:26:41 CDT" skipped="0">
  <testcase classname="PostmanTest" name="postManTesting" time="0.322"/>
  <testcase classname="PostmanTest" name="postManTesting2" time="0.441"/>
  <testcase classname="PostmanTest" name="postManTesting3" time="0.359"/>
</testsuite> <!-- PostmanTest -->
