<?xml version="1.0" encoding="UTF-8"?>
<!-- Generated by org.testng.reporters.JUnitReportReporter -->
<testsuite hostname="DESKTOP-CRPCMGG" failures="0" tests="3" name="PostmanTest" time="1.087" errors="0" timestamp="2024-06-03T08:59:47 CDT" skipped="0">
  <testcase classname="PostmanTest" name="postManTesting2" time="0.365"/>
  <testcase classname="PostmanTest" name="postManTesting" time="0.307"/>
  <testcase classname="PostmanTest" name="postManTesting3" time="0.415"/>
</testsuite> <!-- PostmanTest -->
