<?xml version="1.0" encoding="UTF-8"?>
<!-- Generated by org.testng.reporters.JUnitReportReporter -->
<testsuite hostname="DESKTOP-CRPCMGG" failures="0" tests="3" name="PostmanTest" time="11.162" errors="0" timestamp="2024-05-29T10:27:48 CDT" skipped="0">
  <testcase classname="PostmanTest" name="postManTesting3" time="0.432"/>
  <testcase classname="PostmanTest" name="postManTesting2" time="0.844"/>
  <testcase classname="PostmanTest" name="postManTesting" time="9.886"/>
</testsuite> <!-- PostmanTest -->
