<?xml version="1.0" encoding="UTF-8"?>
<!-- Generated by org.testng.reporters.JUnitReportReporter -->
<testsuite hostname="DESKTOP-CRPCMGG" failures="0" tests="3" name="PostmanTest" time="11.724" errors="0" timestamp="2024-05-29T10:34:22 CDT" skipped="0">
  <testcase classname="PostmanTest" name="postManTesting3" time="0.527"/>
  <testcase classname="PostmanTest" name="postManTesting2" time="1.070"/>
  <testcase classname="PostmanTest" name="postManTesting" time="10.127"/>
</testsuite> <!-- PostmanTest -->
