<?xml version="1.0" encoding="UTF-8"?>
<!-- Generated by org.testng.reporters.JUnitReportReporter -->
<testsuite hostname="DESKTOP-CRPCMGG" failures="0" tests="7" name="PostmanTest" time="4.466" errors="0" timestamp="2024-06-01T09:16:33 CDT" skipped="0">
  <testcase classname="PostmanTest" name="retriveTest" time="0.086"/>
  <testcase classname="PostmanTest" name="postManTesting" time="0.264"/>
  <testcase classname="PostmanTest" name="postManTesting2" time="0.386"/>
  <testcase classname="PostmanTest" name="postManTesting3" time="0.361"/>
  <testcase classname="PostmanTest" name="CreateAndUpdate" time="0.107"/>
  <testcase classname="PostmanTest" name="CreateAndDelete" time="0.095"/>
  <testcase classname="PostmanTest" name="Create" time="3.167"/>
</testsuite> <!-- PostmanTest -->
