<?xml version="1.0" encoding="UTF-8"?>
<!-- Generated by org.testng.reporters.JUnitReportReporter -->
<testsuite hostname="DESKTOP-CRPCMGG" failures="0" tests="3" name="PostmanTest" time="4.324" errors="0" timestamp="2024-05-30T22:53:34 CDT" skipped="0">
  <testcase classname="PostmanTest" name="postManTesting3" time="0.380"/>
  <testcase classname="PostmanTest" name="postManTesting2" time="0.480"/>
  <testcase classname="PostmanTest" name="postManTesting" time="3.464"/>
</testsuite> <!-- PostmanTest -->
