<?xml version="1.0" encoding="UTF-8"?>
<!-- Generated by org.testng.reporters.JUnitReportReporter -->
<testsuite hostname="DESKTOP-CRPCMGG" failures="0" tests="1" name="PostmanTest" time="11.084" errors="0" timestamp="2024-05-25T10:08:42 CDT" skipped="0">
  <testcase classname="PostmanTest" name="postManTesting" time="11.084"/>
</testsuite> <!-- PostmanTest -->
