<?xml version="1.0" encoding="UTF-8"?>
<!-- Generated by org.testng.reporters.JUnitReportReporter -->
<testsuite hostname="DESKTOP-CRPCMGG" failures="0" tests="3" name="PostmanTest" time="0.970" errors="0" timestamp="2024-06-01T09:39:30 CDT" skipped="0">
  <testcase classname="PostmanTest" name="postManTesting2" time="0.362"/>
  <testcase classname="PostmanTest" name="postManTesting3" time="0.362"/>
  <testcase classname="PostmanTest" name="postManTesting" time="0.246"/>
</testsuite> <!-- PostmanTest -->
